GTMod: Preload-Phase started!
GTMod: Getting required Items of other Mods.
GTMod: Setting Configs
GTMod: Adding Scrap with a Weight of 200.0F to the Scrapbox Drops.
GTMod: Register Ore processing.
GTMod: Register OreDict Entries of Non-GT-Items.
GTMod: Loading Item Data Tags
GTMod: Register Books.
GTMod: Added Book to Book List  -  Mapping: 'Manual_Printer'  -  Name: 'Printer Manual V2.0'  -  Author: 'Gregorius Techneticies'
GTMod: Added Book to Book List  -  Mapping: 'Manual_Punch_Cards'  -  Name: 'Punch Card Manual V0.0'  -  Author: 'Gregorius Techneticies'
GTMod: Added Book to Book List  -  Mapping: 'Manual_Microwave'  -  Name: 'Microwave Oven Manual'  -  Author: 'Kitchen Industries'
GTMod: Register Items.
GTMod: Adding Blocks.
GTMod: Register TileEntities.
GTMod: Registering the BaseMetaTileEntity.
GTMod: Registering the DroneRender.
GTMod: Registering the LaserRender.
GTMod: Registering the WormholeRender.
GTMod: Registering the BlackholeRender.
GTMod: Registering the BaseMetaPipeEntity.
GTMod: Registering the Ore TileEntity.
GTMod: Registering Fluids.
GTMod: Hiding certain Items from NEI.
GTMod: Registering MetaTileEntities.
GTMod: Register Redstone Circuit behaviours.
GTMod: Adding Cover Behaviors
GTMod: Loading Sonictron Sounds
GTMod: Preload-Phase finished!
Caught exception when calling IC2.addValuableOre
Caught exception when calling IC2.addValuableOre
Caught exception when calling IC2.addValuableOre
Caught exception when calling IC2.addValuableOre
Caught exception when calling IC2.addValuableOre
Caught exception when calling IC2.addValuableOre
Caught exception when calling IC2.addValuableOre
Caught exception when calling IC2.addValuableOre
Caught exception when calling IC2.addValuableOre
Caught exception when calling IC2.addValuableOre
Caught exception when calling IC2.addValuableOre
Caught exception when calling IC2.addValuableOre
Caught exception when calling IC2.addValuableOre
Caught exception when calling IC2.addValuableOre
Caught exception when calling IC2.addValuableOre
Caught exception when calling IC2.addValuableOre
Caught exception when calling IC2.addValuableOre
Caught exception when calling IC2.addValuableOre
Caught exception when calling IC2.addValuableOre
Caught exception when calling IC2.addValuableOre
Caught exception when calling IC2.addValuableOre
Caught exception when calling IC2.addValuableOre
Caught exception when calling IC2.addValuableOre
Caught exception when calling IC2.addValuableOre
Caught exception when calling IC2.addValuableOre
Caught exception when calling IC2.addValuableOre
Caught exception when calling IC2.addValuableOre
Caught exception when calling IC2.addValuableOre
Caught exception when calling IC2.addValuableOre
Caught exception when calling IC2.addValuableOre
Caught exception when calling IC2.addValuableOre
Caught exception when calling IC2.addValuableOre
Caught exception when calling IC2.addValuableOre
Caught exception when calling IC2.addValuableOre
Caught exception when calling IC2.addValuableOre
Caught exception when calling IC2.addValuableOre
Caught exception when calling IC2.addValuableOre
Caught exception when calling IC2.addValuableOre
Caught exception when calling IC2.addValuableOre
Caught exception when calling IC2.addValuableOre
Caught exception when calling IC2.addValuableOre
Caught exception when calling IC2.addValuableOre
Caught exception when calling IC2.addValuableOre
Caught exception when calling IC2.addValuableOre
Caught exception when calling IC2.addValuableOre
Caught exception when calling IC2.addValuableOre
Caught exception when calling IC2.addValuableOre
Caught exception when calling IC2.addValuableOre
Caught exception when calling IC2.addValuableOre
Caught exception when calling IC2.addValuableOre
Caught exception when calling IC2.addValuableOre
Caught exception when calling IC2.addValuableOre
Caught exception when calling IC2.addValuableOre
Caught exception when calling IC2.addValuableOre
Caught exception when calling IC2.addValuableOre
Caught exception when calling IC2.addValuableOre
Caught exception when calling IC2.addValuableOre
Caught exception when calling IC2.addValuableOre
Caught exception when calling IC2.addValuableOre
Caught exception when calling IC2.addValuableOre
Caught exception when calling IC2.addValuableOre
Caught exception when calling IC2.addValuableOre
Caught exception when calling IC2.addValuableOre
Caught exception when calling IC2.addValuableOre
Caught exception when calling IC2.addValuableOre
Caught exception when calling IC2.addValuableOre
Caught exception when calling IC2.addValuableOre
Caught exception when calling IC2.addValuableOre
Caught exception when calling IC2.addValuableOre
Caught exception when calling IC2.addValuableOre
Caught exception when calling IC2.addValuableOre
Caught exception when calling IC2.addValuableOre
Caught exception when calling IC2.addValuableOre
Caught exception when calling IC2.addValuableOre
Caught exception when calling IC2.addValuableOre
Caught exception when calling IC2.addValuableOre
Caught exception when calling IC2.addValuableOre
Caught exception when calling IC2.addValuableOre
Caught exception when calling IC2.addValuableOre
Caught exception when calling IC2.addValuableOre
GTMod: Beginning Load-Phase.
GTMod: Recipes for MetaTileEntities.
GTMod: Scanning for certain kinds of compatible Machineblocks.
GTMod: Registering various Tools to be usable on GregTech Machines
GTMod: Adding Food Recipes to the Automatic Canning Machine. (also during the following Item Iteration)
GTMod: Scanning ItemList.
GTMod: Registered valid BC Wrench: item.standardWrench
GTMod: Registered valid RC Crowbar: item.railcraft.tool.crowbar
GTMod: Registered valid RC Crowbar: item.railcraft.tool.crowbar.reinforced
GTMod: Registered valid RC Crowbar: item.railcraft.tool.crowbar.magic
GTMod: Registered valid RC Crowbar: item.railcraft.tool.crowbar.void
GTMod: Registered valid BC Wrench: item.nanotool
GTMod: Registered valid BC Wrench: item.graviTool
GTMod: Re-Unificating Recipes.
GTMod: Initializing various Fuels.
GTMod: Load-Phase finished!
