[18:21:55] [Server thread/INFO]: Starting minecraft server version 1.7.10
[18:22:28] [Server thread/INFO]: Loading properties
[18:22:28] [Server thread/INFO]: Default game type: SURVIVAL
[18:22:28] [Server thread/INFO]: Generating keypair
[18:22:28] [Server thread/INFO]: Starting Minecraft server on *:25565
[18:22:28] [Server thread/WARN]: **** SERVER IS RUNNING IN OFFLINE/INSECURE MODE!
[18:22:28] [Server thread/WARN]: The server will make no attempt to authenticate usernames. Beware.
[18:22:28] [Server thread/WARN]: While this makes the game possible to play without internet access, it also opens up the ability for hackers to connect with any username they choose.
[18:22:28] [Server thread/WARN]: To change this, set "online-mode" to "true" in the server.properties file.
[18:23:15] [Server thread/INFO]: Preparing level "World"
[18:23:17] [Server thread/INFO]: Preparing start region for level 0
[18:23:18] [Server thread/INFO]: Preparing spawn area: 81%
[18:23:18] [Server thread/INFO]: Done (2.805s)! For help, type "help" or "?"
[18:23:23] [Server thread/INFO]: Reloaded default quest database
[18:23:46] [Server thread/INFO]: Troy[/127.0.0.1:39186] logged in with entity id 1462 at (28.582029510112704, 68.0, 344.90761870632605)
[18:23:46] [Server thread/INFO]: Troy joined the game
[18:23:53] [Server thread/INFO]: _Sammon_[/127.0.0.1:44120] logged in with entity id 1737 at (31.47364905362194, 68.0, 344.7956859559849)
[18:23:53] [Server thread/INFO]: _Sammon_ joined the game
[18:51:45] [Server thread/INFO]: Troy was fireballed by Spitfire Skeleton
[18:51:49] [Server thread/WARN]: Fetching addPacket for removed entity
[18:55:15] [Server thread/INFO]: _Sammon_ was slain by Mother Cave Spider
[18:56:02] [Server thread/INFO]: Troy was slain by _Sammon_ using [§rIron Hatchet]
[19:03:38] [Server thread/INFO]: Troy was blown up by Death Creeper
[19:16:44] [Server thread/INFO]: _Sammon_ has just earned the achievement [Farming]
[19:22:43] [Server thread/INFO]: <_Sammon_> de
[19:22:44] [Server thread/INFO]: <_Sammon_> sap
[19:22:46] [Server thread/INFO]: <_Sammon_> ling
[19:23:50] [Server thread/INFO]: <_Sammon_> emni crop stick lagiea rakhle
[19:23:53] [Server thread/INFO]: <_Sammon_> weed jome jae
[19:24:02] [Server thread/INFO]: <_Sammon_> ar sob crop destroy kore dei
[19:24:07] [Server thread/INFO]: <_Sammon_> so phaka cropstick lagate nei
