[15:03:17.197] [INFO]: Loading config 'startup.json'.
[15:03:27.907] [INFO]: Loaded plugins: almostunified:neoforge, almostunified:common, extended_industrialization:almost_unified, modern_industrialization:almost_unified, almostunified_ie:immersiveengineering
[15:03:37.050] [WARN]: Reload detected. Reconstructing runtime.
[15:03:37.052] [INFO]: Loading config 'debug.json'.
[15:03:37.054] [INFO]: Loading config 'placeholders.json'.
[15:03:37.056] [INFO]: Loading config 'tags.json'.
[15:03:37.094] [WARN]: [TagSubstitutions] Substitute tag '#c:storage_blocks/raw_uranium' contains invalid replaced tags! Affected tags: #c:storage_blocks/raw_yellorium
[15:03:37.094] [WARN]: [TagSubstitutions] Substitute tag '#c:ingots/uranium' contains invalid replaced tags! Affected tags: #c:storage_blocks/raw_yellorium
[15:03:37.095] [WARN]: [TagSubstitutions] Substitute tag '#c:raw_materials/uranium' contains invalid replaced tags! Affected tags: #c:storage_blocks/raw_yellorium
[15:03:37.095] [INFO]: [TagSubstitutions] Added items of replaced tags to substitute tag '#c:storage_blocks/uranium'. Added items: [alltheores:uranium_block, bigreactors:yellorium_block]
[15:03:37.095] [INFO]: [TagSubstitutions] Added items of replaced tags to substitute tag '#c:ingots/uranium'. Added items: [bigreactors:yellorium_ingot, alltheores:uranium_ingot]
[15:03:37.095] [INFO]: [TagSubstitutions] Added items of replaced tags to substitute tag '#c:raw_materials/uranium'. Added items: [bigreactors:raw_yellorium]
[15:03:37.119] [ERROR]: forbidden_arcanus:stella_arcanum is bound to multiple stone variant tags: TagKey[minecraft:item / c:ores_in_ground/stone] and TagKey[minecraft:item / c:ores_in_ground/deepslate]
[15:03:37.121] [ERROR]: forbidden_arcanus:stella_arcanum is bound to multiple stone variant tags: TagKey[minecraft:block / c:ores_in_ground/stone] and TagKey[minecraft:block / c:ores_in_ground/deepslate]
[15:03:37.132] [INFO]: [AutoHiding] Hiding 2/3 items for tag '#c:nuggets/invar' -> [modern_industrialization:invar_nugget, railcraft:invar_nugget]
[15:03:37.132] [INFO]: [AutoHiding] Hiding 1/2 items for tag '#c:nuggets/osmium' -> [mekanism:nugget_osmium]
[15:03:37.135] [INFO]: [AutoHiding] Hiding 1/2 items for tag '#c:ingots/constantan' -> [immersiveengineering:ingot_constantan]
[15:03:37.137] [INFO]: [AutoHiding] Hiding 3/4 items for tag '#c:clumps/copper' -> [oritech:copper_clump, create:crushed_raw_copper, mekanism:clump_copper]
[15:03:37.137] [INFO]: [AutoHiding] Hiding 12/13 items for tag '#c:storage_blocks/diamond' -> [chisel_chipped_integration:gem_diamond_space, chisel_chipped_integration:gem_diamond_cells, chisel_chipped_integration:gem_diamond_gem, chisel_chipped_integration:gem_diamond_simple, chisel_chipped_integration:gem_diamond_embossed, chisel_chipped_integration:gem_diamond_bismuth, chisel_chipped_integration:gem_diamond_tiles, chisel_chipped_integration:gem_diamond_crushed, chisel_chipped_integration:gem_diamond_zelda, chisel_chipped_integration:gem_diamond_purple_space, chisel_chipped_integration:gem_diamond_gold_encrusted, chisel_chipped_integration:gem_diamond_ornate_tiles]
[15:03:37.137] [INFO]: [AutoHiding] Hiding 1/2 items for tag '#c:ingots/iridium' -> [modern_industrialization:iridium_ingot]
[15:03:37.138] [INFO]: [AutoHiding] Hiding 4/5 items for tag '#c:ingots/bronze' -> [railcraft:bronze_ingot, modern_industrialization:bronze_ingot, mekanism:ingot_bronze, silentgear:bronze_ingot]
[15:03:37.138] [INFO]: [AutoHiding] Hiding 2/3 items for tag '#c:gears/invar' -> [modern_industrialization:invar_gear, railcraft:invar_gear]
[15:03:37.139] [INFO]: [AutoHiding] Hiding 2/3 items for tag '#c:clumps/platinum' -> [oritech:platinum_clump, create:crushed_raw_platinum]
[15:03:37.139] [INFO]: [AutoHiding] Hiding 1/2 items for tag '#c:gears/nickel' -> [railcraft:nickel_gear]
[15:03:37.139] [INFO]: [AutoHiding] Hiding 1/2 items for tag '#c:storage_blocks/raw_osmium' -> [mekanism:block_raw_osmium]
[15:03:37.143] [INFO]: [AutoHiding] Hiding 1/2 items for tag '#atm10:tiny_coals' -> [actuallyadditions:tiny_coal]
[15:03:37.143] [INFO]: [AutoHiding] Hiding 1/2 items for tag '#c:shards/gold' -> [mekanism:shard_gold]
[15:03:37.143] [INFO]: [AutoHiding] Hiding 2/3 items for tag '#c:gears/copper' -> [railcraft:copper_gear, modern_industrialization:copper_gear]
[15:03:37.143] [INFO]: [AutoHiding] Hiding 2/3 items for tag '#c:gears/bronze' -> [modern_industrialization:bronze_gear, railcraft:bronze_gear]
[15:03:37.143] [INFO]: [AutoHiding] Hiding 1/2 items for tag '#c:crystals/lead' -> [mekanism:crystal_lead]
[15:03:37.146] [INFO]: [AutoHiding] Hiding 1/2 items for tag '#c:gems/sapphire' -> [silentgems:sapphire]
[15:03:37.146] [INFO]: [AutoHiding] Hiding 1/2 items for tag '#c:gears/diamond' -> [industrialforegoing:diamond_gear]
[15:03:37.146] [INFO]: [AutoHiding] Hiding 1/2 items for tag '#c:storage_blocks/charcoal' -> [justdirethings:charcoal]
[15:03:37.147] [INFO]: [AutoHiding] Hiding 2/3 items for tag '#c:ingots/brass' -> [railcraft:brass_ingot, create:brass_ingot]
[15:03:37.147] [INFO]: [AutoHiding] Hiding 4/5 items for tag '#c:ingots/electrum' -> [createaddition:electrum_ingot, modern_industrialization:electrum_ingot, immersiveengineering:ingot_electrum, oritech:electrum_ingot]
[15:03:37.147] [INFO]: [AutoHiding] Hiding 1/2 items for tag '#c:gems/fluorite' -> [mekanism:fluorite_gem]
[15:03:37.147] [INFO]: [AutoHiding] Hiding 9/10 items for tag '#c:storage_blocks/platinum' -> [chisel_chipped_integration:metal_platinum_scaffold, modern_industrialization:platinum_block, chisel_chipped_integration:metal_platinum_caution, chisel_chipped_integration:metal_platinum_industrial_relic, chisel_chipped_integration:metal_platinum_thermal, chisel_chipped_integration:metal_platinum_egregious, oritech:platinum_block, chisel_chipped_integration:metal_platinum_bolted, chisel_chipped_integration:metal_platinum_shipping_crate]
[15:03:37.148] [INFO]: [AutoHiding] Hiding 1/2 items for tag '#c:rods/silver' -> [silentgems:silver_rod]
[15:03:37.150] [INFO]: [AutoHiding] Hiding 3/4 items for tag '#c:plates/aluminum' -> [immersiveengineering:plate_aluminum, xycraft_machines:aluminum_sheet, modern_industrialization:aluminum_plate]
[15:03:37.151] [INFO]: [AutoHiding] Hiding 3/4 items for tag '#c:clumps/gold' -> [oritech:gold_clump, mekanism:clump_gold, create:crushed_raw_gold]
[15:03:37.151] [INFO]: [AutoHiding] Hiding 11/12 items for tag '#c:storage_blocks/lead' -> [chisel_chipped_integration:metal_lead_industrial_relic, modern_industrialization:lead_block, chisel_chipped_integration:metal_lead_shipping_crate, chisel_chipped_integration:metal_lead_caution, chisel_chipped_integration:metal_lead_scaffold, chisel_chipped_integration:metal_lead_bolted, chisel_chipped_integration:metal_lead_egregious, immersiveengineering:storage_lead, railcraft:lead_block, mekanism:block_lead, chisel_chipped_integration:metal_lead_thermal]
[15:03:37.151] [INFO]: [AutoHiding] Hiding 1/2 items for tag '#c:storage_blocks/fluorite' -> [mekanism:block_fluorite]
[15:03:37.154] [INFO]: [AutoHiding] Hiding 6/7 items for tag '#c:dusts/gold' -> [mekanism:dust_gold, occultism:gold_dust, enderio:powdered_gold, oritech:gold_dust, modern_industrialization:gold_dust, immersiveengineering:dust_gold]
[15:03:37.154] [INFO]: [AutoHiding] Hiding 5/6 items for tag '#c:raw_materials/uranium' -> [modern_industrialization:raw_uranium, oritech:raw_uranium, immersiveengineering:raw_uranium, bigreactors:raw_yellorium, mekanism:raw_uranium]
[15:03:37.154] [INFO]: [AutoHiding] Hiding 5/6 items for tag '#c:nuggets/silver' -> [occultism:silver_nugget, immersiveengineering:nugget_silver, modern_industrialization:silver_nugget, railcraft:silver_nugget, silentgems:silver_nugget]
[15:03:37.155] [INFO]: [AutoHiding] Hiding 1/2 items for tag '#c:dusts/fluorite' -> [mekanism:dust_fluorite]
[15:03:37.155] [INFO]: [AutoHiding] Hiding 3/4 items for tag '#c:dusts/netherite' -> [occultism:netherite_dust, mekanism:dust_netherite, extended_industrialization:netherite_dust]
[15:03:37.155] [INFO]: [AutoHiding] Hiding 1/2 items for tag '#c:gems/peridot' -> [silentgems:peridot]
[15:03:37.155] [INFO]: [AutoHiding] Hiding 1/2 items for tag '#c:clumps/tin' -> [mekanism:clump_tin]
[15:03:37.155] [INFO]: [AutoHiding] Hiding 3/4 items for tag '#c:plates/steel' -> [railcraft:steel_plate, immersiveengineering:plate_steel, modern_industrialization:steel_plate]
[15:03:37.155] [INFO]: [AutoHiding] Hiding 4/5 items for tag '#c:raw_materials/nickel' -> [modern_industrialization:raw_nickel, immersiveengineering:raw_nickel, oritech:raw_nickel, railcraft:nickel_raw]
[15:03:37.156] [INFO]: [AutoHiding] Hiding 4/5 items for tag '#c:dusts/diamond' -> [appflux:diamond_dust, modern_industrialization:diamond_dust, createaddition:diamond_grit, mekanism:dust_diamond]
[15:03:37.156] [INFO]: [AutoHiding] Hiding 3/4 items for tag '#c:raw_materials/tin' -> [mekanism:raw_tin, railcraft:tin_raw, modern_industrialization:raw_tin]
[15:03:37.158] [INFO]: [AutoHiding] Hiding 1/2 items for tag '#c:shards/uranium' -> [mekanism:shard_uranium]
[15:03:37.158] [INFO]: [AutoHiding] Hiding 1/2 items for tag '#c:dusts/charcoal' -> [railcraft:charcoal_dust]
[15:03:37.159] [INFO]: [AutoHiding] Hiding 3/7 items for tag '#c:ores/osmium' -> [mekanism:deepslate_osmium_ore, mekanism:osmium_ore, alltheores:other_osmium_ore]
[15:03:37.159] [INFO]: [AutoHiding] Hiding 2/3 items for tag '#c:ingots/zinc' -> [create:zinc_ingot, railcraft:zinc_ingot]
[15:03:37.159] [INFO]: [AutoHiding] Hiding 1/2 items for tag '#c:storage_blocks/sapphire' -> [silentgems:sapphire_block]
[15:03:37.159] [INFO]: [AutoHiding] Hiding 3/4 items for tag '#c:ingots/aluminum' -> [immersiveengineering:ingot_aluminum, modern_industrialization:aluminum_ingot, xycraft_world:aluminum_ingot]
[15:03:37.160] [INFO]: [AutoHiding] Hiding 2/3 items for tag '#c:storage_blocks/brass' -> [create:brass_block, railcraft:brass_block]
[15:03:37.160] [INFO]: [AutoHiding] Hiding 1/2 items for tag '#c:raw_materials/iridium' -> [modern_industrialization:raw_iridium]
[15:03:37.160] [INFO]: [AutoHiding] Hiding 5/6 items for tag '#c:plates/copper' -> [railcraft:copper_plate, modern_industrialization:copper_plate, create:copper_sheet, immersiveengineering:plate_copper, xycraft_machines:copper_sheet]
[15:03:37.162] [INFO]: [AutoHiding] Hiding 28/29 items for tag '#c:storage_blocks/redstone' -> [chisel_chipped_integration:gem_redstone_pillar, chisel_chipped_integration:gem_redstone_braid, chisel_chipped_integration:gem_redstone_dent, chisel_chipped_integration:gem_redstone_twisted, chisel_chipped_integration:gem_redstone_jellybean, chisel_chipped_integration:gem_redstone_encased_bricks, chisel_chipped_integration:gem_redstone_small_tiles, chisel_chipped_integration:gem_redstone_weathered_bricks, chisel_chipped_integration:gem_redstone_road, chisel_chipped_integration:gem_redstone_small_disordered_tiles, chisel_chipped_integration:gem_redstone_disordered_tiles, chisel_chipped_integration:gem_redstone_slanted, chisel_chipped_integration:gem_redstone_panel, chisel_chipped_integration:gem_redstone_layers, chisel_chipped_integration:gem_redstone_small_bricks, chisel_chipped_integration:gem_redstone_ornate, chisel_chipped_integration:gem_redstone_prism, chisel_chipped_integration:gem_redstone_french_2, chisel_chipped_integration:gem_redstone_cracked_bricks, chisel_chipped_integration:gem_redstone_french_1, chisel_chipped_integration:gem_redstone_bricks, chisel_chipped_integration:gem_redstone_big_tile, chisel_chipped_integration:gem_redstone_mosaic, chisel_chipped_integration:gem_redstone_arrayed_bricks, chisel_chipped_integration:gem_redstone_wide_bricks, chisel_chipped_integration:gem_redstone_tiles, chisel_chipped_integration:gem_redstone_cracked, chisel_chipped_integration:gem_redstone_circular]
[15:03:37.163] [INFO]: [AutoHiding] Hiding 1/2 items for tag '#c:gears/netherite' -> [mifa:netherite_gear]
[15:03:37.164] [INFO]: [AutoHiding] Hiding 9/13 items for tag '#c:ores/nickel' -> [railcraft:deepslate_nickel_ore, immersiveengineering:ore_nickel, oritech:deepslate_nickel_ore, railcraft:nickel_ore, alltheores:other_nickel_ore, modern_industrialization:deepslate_nickel_ore, immersiveengineering:deepslate_ore_nickel, modern_industrialization:nickel_ore, oritech:nickel_ore]
[15:03:37.165] [INFO]: [AutoHiding] Hiding 3/4 items for tag '#c:gears/gold' -> [railcraft:gold_gear, industrialforegoing:gold_gear, modern_industrialization:gold_gear]
[15:03:37.165] [INFO]: [AutoHiding] Hiding 2/3 items for tag '#c:raw_materials/zinc' -> [create:raw_zinc, railcraft:zinc_raw]
[15:03:37.165] [INFO]: [AutoHiding] Hiding 5/6 items for tag '#c:ingots/steel' -> [railcraft:steel_ingot, mekanism:ingot_steel, immersiveengineering:ingot_steel, modern_industrialization:steel_ingot, oritech:steel_ingot]
[15:03:37.165] [INFO]: [AutoHiding] Hiding 10/11 items for tag '#c:storage_blocks/aluminum' -> [chisel_chipped_integration:metal_aluminum_caution, xycraft_world:aluminum_storage, chisel_chipped_integration:metal_aluminum_egregious, chisel_chipped_integration:metal_aluminum_shipping_crate, chisel_chipped_integration:metal_aluminum_industrial_relic, chisel_chipped_integration:metal_aluminum_scaffold, modern_industrialization:aluminum_block, immersiveengineering:storage_aluminum, chisel_chipped_integration:metal_aluminum_thermal, chisel_chipped_integration:metal_aluminum_bolted]
[15:03:37.166] [INFO]: [AutoHiding] Hiding 10/14 items for tag '#c:ores/uranium' -> [bigreactors:deepslate_yellorite_ore, bigreactors:yellorite_ore, modern_industrialization:deepslate_uranium_ore, alltheores:other_uranium_ore, mekanism:deepslate_uranium_ore, immersiveengineering:ore_uranium, mekanism:uranium_ore, oritech:deepslate_uranium_ore, modern_industrialization:uranium_ore, immersiveengineering:deepslate_ore_uranium]
[15:03:37.166] [INFO]: [AutoHiding] Hiding 3/4 items for tag '#c:storage_blocks/raw_silver' -> [immersiveengineering:raw_block_silver, modern_industrialization:raw_silver_block, occultism:raw_silver_block]
[15:03:37.172] [INFO]: [AutoHiding] Hiding 7/11 items for tag '#c:ores/tin' -> [railcraft:deepslate_tin_ore, mekanism:tin_ore, alltheores:other_tin_ore, modern_industrialization:tin_ore, railcraft:tin_ore, mekanism:deepslate_tin_ore, modern_industrialization:deepslate_tin_ore]
[15:03:37.172] [INFO]: [AutoHiding] Hiding 2/3 items for tag '#c:gears/steel' -> [railcraft:steel_gear, modern_industrialization:steel_gear]
[15:03:37.173] [INFO]: [AutoHiding] Hiding 4/5 items for tag '#c:dusts/steel' -> [mekanism:dust_steel, immersiveengineering:dust_steel, oritech:steel_dust, modern_industrialization:steel_dust]
[15:03:37.173] [INFO]: [AutoHiding] Hiding 1/2 items for tag '#c:storage_blocks/iridium' -> [modern_industrialization:iridium_block]
[15:03:37.173] [INFO]: [AutoHiding] Hiding 9/10 items for tag '#c:storage_blocks/invar' -> [chisel_chipped_integration:metal_invar_egregious, railcraft:invar_block, chisel_chipped_integration:metal_invar_bolted, chisel_chipped_integration:metal_invar_scaffold, chisel_chipped_integration:metal_invar_thermal, chisel_chipped_integration:metal_invar_caution, modern_industrialization:invar_block, chisel_chipped_integration:metal_invar_industrial_relic, chisel_chipped_integration:metal_invar_shipping_crate]
[15:03:37.174] [INFO]: [AutoHiding] Hiding 4/5 items for tag '#c:rods/iron' -> [modern_industrialization:iron_rod, silentgear:iron_rod, createaddition:iron_rod, immersiveengineering:stick_iron]
[15:03:37.174] [INFO]: [AutoHiding] Hiding 2/3 items for tag '#c:dusts/bronze' -> [mekanism:dust_bronze, modern_industrialization:bronze_dust]
[15:03:37.175] [INFO]: [AutoHiding] Hiding 1/2 items for tag '#c:rods/brass' -> [createaddition:brass_rod]
[15:03:37.175] [INFO]: [AutoHiding] Hiding 1/2 items for tag '#c:crystals/osmium' -> [mekanism:crystal_osmium]
[15:03:37.175] [INFO]: [AutoHiding] Hiding 4/5 items for tag '#c:ingots/uranium' -> [immersiveengineering:ingot_uranium, modern_industrialization:uranium_ingot, bigreactors:yellorium_ingot, mekanism:ingot_uranium]
[15:03:37.175] [INFO]: [AutoHiding] Hiding 1/2 items for tag '#c:shards/osmium' -> [mekanism:shard_osmium]
[15:03:37.176] [INFO]: [AutoHiding] Hiding 6/7 items for tag '#c:dusts/iron' -> [mekanism:dust_iron, modern_industrialization:iron_dust, occultism:iron_dust, enderio:powdered_iron, immersiveengineering:dust_iron, oritech:iron_dust]
[15:03:37.176] [INFO]: [AutoHiding] Hiding 3/4 items for tag '#c:dusts/silver' -> [modern_industrialization:silver_dust, immersiveengineering:dust_silver, occultism:silver_dust]
[15:03:37.176] [INFO]: [AutoHiding] Hiding 1/2 items for tag '#c:storage_blocks/osmium' -> [mekanism:block_osmium]
[15:03:37.177] [INFO]: [AutoHiding] Hiding 3/4 items for tag '#c:nuggets/uranium' -> [immersiveengineering:nugget_uranium, mekanism:nugget_uranium, modern_industrialization:uranium_nugget]
[15:03:37.177] [INFO]: [AutoHiding] Hiding 1/2 items for tag '#c:raw_materials/osmium' -> [mekanism:raw_osmium]
[15:03:37.178] [INFO]: [AutoHiding] Hiding 4/5 items for tag '#c:dusts/sulfur' -> [immersiveengineering:dust_sulfur, modern_industrialization:sulfur_dust, mekanism:dust_sulfur, railcraft:sulfur_dust]
[15:03:37.178] [INFO]: [AutoHiding] Hiding 1/2 items for tag '#c:shards/iron' -> [mekanism:shard_iron]
[15:03:37.178] [INFO]: [AutoHiding] Hiding 1/2 items for tag '#c:dirty_dusts/osmium' -> [mekanism:dirty_dust_osmium]
[15:03:37.179] [INFO]: [AutoHiding] Hiding 1/2 items for tag '#c:rods/electrum' -> [createaddition:electrum_rod]
[15:03:37.179] [INFO]: [AutoHiding] Hiding 4/5 items for tag '#c:nuggets/nickel' -> [immersiveengineering:nugget_nickel, railcraft:nickel_nugget, modern_industrialization:nickel_nugget, oritech:nickel_nugget]
[15:03:37.179] [INFO]: [AutoHiding] Hiding 12/13 items for tag '#c:storage_blocks/silver' -> [railcraft:silver_block, occultism:silver_block, chisel_chipped_integration:metal_silver_egregious, chisel_chipped_integration:metal_silver_scaffold, chisel_chipped_integration:metal_silver_bolted, chisel_chipped_integration:metal_silver_industrial_relic, chisel_chipped_integration:metal_silver_thermal, chisel_chipped_integration:metal_silver_caution, immersiveengineering:storage_silver, silentgems:silver_block, chisel_chipped_integration:metal_silver_shipping_crate, modern_industrialization:silver_block]
[15:03:37.180] [INFO]: [AutoHiding] Hiding 4/5 items for tag '#c:raw_materials/lead' -> [modern_industrialization:raw_lead, mekanism:raw_lead, immersiveengineering:raw_lead, railcraft:lead_raw]
[15:03:37.180] [INFO]: [AutoHiding] Hiding 12/13 items for tag '#c:storage_blocks/steel' -> [modern_industrialization:steel_block, oritech:steel_block, chisel_chipped_integration:metal_steel_thermal, chisel_chipped_integration:metal_steel_shipping_crate, chisel_chipped_integration:metal_steel_industrial_relic, chisel_chipped_integration:metal_steel_scaffold, chisel_chipped_integration:metal_steel_bolted, mekanism:block_steel, railcraft:steel_block, chisel_chipped_integration:metal_steel_egregious, chisel_chipped_integration:metal_steel_caution, immersiveengineering:storage_steel]
[15:03:37.181] [INFO]: [AutoHiding] Hiding 1/2 items for tag '#c:crystals/iron' -> [mekanism:crystal_iron]
[15:03:37.181] [INFO]: [AutoHiding] Hiding 1/2 items for tag '#c:gears/brass' -> [railcraft:brass_gear]
[15:03:37.181] [INFO]: [AutoHiding] Hiding 4/5 items for tag '#c:nuggets/lead' -> [modern_industrialization:lead_nugget, mekanism:nugget_lead, immersiveengineering:nugget_lead, railcraft:lead_nugget]
[15:03:37.182] [INFO]: [AutoHiding] Hiding 5/6 items for tag '#c:plates/gold' -> [create:golden_sheet, railcraft:gold_plate, immersiveengineering:plate_gold, xycraft_machines:gold_sheet, modern_industrialization:gold_plate]
[15:03:37.182] [INFO]: [AutoHiding] Hiding 1/2 items for tag '#c:storage_blocks/ruby' -> [silentgems:ruby_block]
[15:03:37.182] [INFO]: [AutoHiding] Hiding 3/7 items for tag '#c:ores/fluorite' -> [mekanism:deepslate_fluorite_ore, alltheores:other_fluorite_ore, mekanism:fluorite_ore]
[15:03:37.183] [INFO]: [AutoHiding] Hiding 2/3 items for tag '#c:nuggets/platinum' -> [oritech:platinum_nugget, modern_industrialization:platinum_nugget]
[15:03:37.183] [INFO]: [AutoHiding] Hiding 1/2 items for tag '#c:ingots/osmium' -> [mekanism:ingot_osmium]
[15:03:37.183] [INFO]: [AutoHiding] Hiding 1/2 items for tag '#c:dusts/iridium' -> [modern_industrialization:iridium_dust]
[15:03:37.184] [INFO]: [AutoHiding] Hiding 4/5 items for tag '#c:gears/iron' -> [industrialforegoing:iron_gear, modern_industrialization:iron_gear, enderio:iron_gear, railcraft:iron_gear]
[15:03:37.184] [INFO]: [AutoHiding] Hiding 1/2 items for tag '#c:dirty_dusts/aluminum' -> [xycraft_machines:aluminum_dirty_dust]
[15:03:37.185] [INFO]: [AutoHiding] Hiding 5/9 items for tag '#c:ores/sapphire' -> [silentgems:nether_sapphire_ore, silentgems:end_sapphire_ore, silentgems:deepslate_sapphire_ore, alltheores:other_sapphire_ore, silentgems:sapphire_ore]
[15:03:37.185] [INFO]: [AutoHiding] Hiding 1/2 items for tag '#c:rods/invar' -> [modern_industrialization:invar_rod]
[15:03:37.185] [INFO]: [AutoHiding] Hiding 1/2 items for tag '#c:crystals/aluminum' -> [xycraft_machines:aluminum_crystal]
[15:03:37.186] [INFO]: [AutoHiding] Hiding 2/3 items for tag '#c:plates/brass' -> [create:brass_sheet, railcraft:brass_plate]
[15:03:37.186] [INFO]: [AutoHiding] Hiding 4/5 items for tag '#c:nuggets/steel' -> [mekanism:nugget_steel, railcraft:steel_nugget, modern_industrialization:steel_nugget, immersiveengineering:nugget_steel]
[15:03:37.187] [INFO]: [AutoHiding] Hiding 9/10 items for tag '#c:storage_blocks/lapis' -> [chisel_chipped_integration:gem_lapis_zelda, chisel_chipped_integration:gem_lapis_panel, chisel_chipped_integration:gem_lapis_cobble, chisel_chipped_integration:gem_lapis_smooth, chisel_chipped_integration:gem_lapis_wood_framed, chisel_chipped_integration:gem_lapis_tile, chisel_chipped_integration:gem_lapis_shiny_tile, chisel_chipped_integration:gem_lapis_masonry, chisel_chipped_integration:gem_lapis_gold_encrusted]
[15:03:37.187] [INFO]: [AutoHiding] Hiding 4/5 items for tag '#c:raw_materials/silver' -> [immersiveengineering:raw_silver, railcraft:silver_raw, occultism:raw_silver, modern_industrialization:raw_silver]
[15:03:37.187] [INFO]: [AutoHiding] Hiding 1/2 items for tag '#c:dirty_dusts/gold' -> [mekanism:dirty_dust_gold]
[15:03:37.188] [INFO]: [AutoHiding] Hiding 1/2 items for tag '#c:dirty_dusts/tin' -> [mekanism:dirty_dust_tin]
[15:03:37.188] [INFO]: [AutoHiding] Hiding 10/11 items for tag '#c:storage_blocks/bronze' -> [railcraft:bronze_block, mekanism:block_bronze, modern_industrialization:bronze_block, chisel_chipped_integration:metal_bronze_bolted, chisel_chipped_integration:metal_bronze_egregious, chisel_chipped_integration:metal_bronze_scaffold, chisel_chipped_integration:metal_bronze_thermal, chisel_chipped_integration:metal_bronze_caution, chisel_chipped_integration:metal_bronze_industrial_relic, chisel_chipped_integration:metal_bronze_shipping_crate]
[15:03:37.188] [INFO]: [AutoHiding] Hiding 1/2 items for tag '#c:storage_blocks/raw_iridium' -> [modern_industrialization:raw_iridium_block]
[15:03:37.189] [INFO]: [AutoHiding] Hiding 4/5 items for tag '#c:ingots/nickel' -> [modern_industrialization:nickel_ingot, railcraft:nickel_ingot, oritech:nickel_ingot, immersiveengineering:ingot_nickel]
[15:03:37.189] [INFO]: [AutoHiding] Hiding 2/3 items for tag '#c:nuggets/zinc' -> [railcraft:zinc_nugget, create:zinc_nugget]
[15:03:37.189] [INFO]: [AutoHiding] Hiding 2/3 items for tag '#c:rods/gold' -> [createaddition:gold_rod, modern_industrialization:gold_rod]
[15:03:37.190] [INFO]: [AutoHiding] Hiding 11/12 items for tag '#c:storage_blocks/uranium' -> [chisel_chipped_integration:metal_uranium_thermal, chisel_chipped_integration:metal_uranium_bolted, immersiveengineering:storage_uranium, chisel_chipped_integration:metal_uranium_caution, modern_industrialization:uranium_block, mekanism:block_uranium, chisel_chipped_integration:metal_uranium_egregious, chisel_chipped_integration:metal_uranium_industrial_relic, chisel_chipped_integration:metal_uranium_scaffold, bigreactors:yellorium_block, chisel_chipped_integration:metal_uranium_shipping_crate]
[15:03:37.190] [INFO]: [AutoHiding] Hiding 2/3 items for tag '#c:plates/invar' -> [railcraft:invar_plate, modern_industrialization:invar_plate]
[15:03:37.190] [INFO]: [AutoHiding] Hiding 3/4 items for tag '#c:dusts/emerald' -> [modern_industrialization:emerald_dust, occultism:emerald_dust, appflux:emerald_dust]
[15:03:37.193] [INFO]: [AutoHiding] Hiding 10/11 items for tag '#c:storage_blocks/tin' -> [railcraft:tin_block, modern_industrialization:tin_block, chisel_chipped_integration:metal_tin_egregious, chisel_chipped_integration:metal_tin_shipping_crate, chisel_chipped_integration:metal_tin_industrial_relic, chisel_chipped_integration:metal_tin_thermal, chisel_chipped_integration:metal_tin_bolted, mekanism:block_tin, chisel_chipped_integration:metal_tin_scaffold, chisel_chipped_integration:metal_tin_caution]
[15:03:37.193] [INFO]: [AutoHiding] Hiding 2/3 items for tag '#c:rods/steel' -> [modern_industrialization:steel_rod, immersiveengineering:stick_steel]
[15:03:37.193] [INFO]: [AutoHiding] Hiding 1/2 items for tag '#c:rods/bronze' -> [modern_industrialization:bronze_rod]
[15:03:37.193] [INFO]: [AutoHiding] Hiding 3/4 items for tag '#c:nuggets/aluminum' -> [modern_industrialization:aluminum_nugget, immersiveengineering:nugget_aluminum, xycraft_world:aluminum_nugget]
[15:03:37.193] [INFO]: [AutoHiding] Hiding 3/4 items for tag '#c:dusts/lapis' -> [modern_industrialization:lapis_dust, enderio:powdered_lapis_lazuli, occultism:lapis_dust]
[15:03:37.194] [INFO]: [AutoHiding] Hiding 1/2 items for tag '#c:dusts/invar' -> [modern_industrialization:invar_dust]
[15:03:37.195] [INFO]: [AutoHiding] Hiding 9/13 items for tag '#c:ores/lead' -> [modern_industrialization:deepslate_lead_ore, railcraft:deepslate_lead_ore, mekanism:lead_ore, modern_industrialization:lead_ore, alltheores:other_lead_ore, railcraft:lead_ore, immersiveengineering:ore_lead, immersiveengineering:deepslate_ore_lead, mekanism:deepslate_lead_ore]
[15:03:37.195] [INFO]: [AutoHiding] Hiding 2/3 items for tag '#c:rods/copper' -> [modern_industrialization:copper_rod, createaddition:copper_rod]
[15:03:37.195] [INFO]: [AutoHiding] Hiding 1/2 items for tag '#c:gears/silver' -> [railcraft:silver_gear]
[15:03:37.195] [INFO]: [AutoHiding] Hiding 1/2 items for tag '#c:gears/aluminum' -> [modern_industrialization:aluminum_gear]
[15:03:37.195] [INFO]: [AutoHiding] Hiding 11/12 items for tag '#c:storage_blocks/nickel' -> [chisel_chipped_integration:metal_nickel_shipping_crate, modern_industrialization:nickel_block, railcraft:nickel_block, chisel_chipped_integration:metal_nickel_egregious, chisel_chipped_integration:metal_nickel_scaffold, immersiveengineering:storage_nickel, chisel_chipped_integration:metal_nickel_thermal, chisel_chipped_integration:metal_nickel_industrial_relic, chisel_chipped_integration:metal_nickel_bolted, chisel_chipped_integration:metal_nickel_caution, oritech:nickel_block]
[15:03:37.196] [INFO]: [AutoHiding] Hiding 3/4 items for tag '#c:dusts/nickel' -> [immersiveengineering:dust_nickel, oritech:nickel_dust, modern_industrialization:nickel_dust]
[15:03:37.196] [INFO]: [AutoHiding] Hiding 1/2 items for tag '#c:shards/lead' -> [mekanism:shard_lead]
[15:03:37.196] [INFO]: [AutoHiding] Hiding 1/2 items for tag '#c:crystals/gold' -> [mekanism:crystal_gold]
[15:03:37.196] [INFO]: [AutoHiding] Hiding 5/6 items for tag '#c:ingots/silver' -> [modern_industrialization:silver_ingot, railcraft:silver_ingot, silentgems:silver_ingot, occultism:silver_ingot, immersiveengineering:ingot_silver]
[15:03:37.196] [INFO]: [AutoHiding] Hiding 2/3 items for tag '#c:dusts/ender_pearl' -> [enderio:powdered_ender_pearl, railcraft:ender_dust]
[15:03:37.196] [INFO]: [AutoHiding] Hiding 1/2 items for tag '#c:shards/aluminum' -> [xycraft_machines:aluminum_shard]
[15:03:37.196] [INFO]: [AutoHiding] Hiding 1/2 items for tag '#c:gears/zinc' -> [railcraft:zinc_gear]
[15:03:37.197] [INFO]: [AutoHiding] Hiding 14/15 items for tag '#c:storage_blocks/emerald' -> [chisel_chipped_integration:gem_emerald_gold_encrusted, chisel_chipped_integration:gem_emerald_zelda, chisel_chipped_integration:gem_emerald_bismuth, chisel_chipped_integration:gem_emerald_cell, chisel_chipped_integration:gem_emerald_tile, chisel_chipped_integration:gem_emerald_prism, chisel_chipped_integration:gem_emerald_circular, chisel_chipped_integration:gem_emerald_ornate, chisel_chipped_integration:gem_emerald_ornate_tiles, chisel_chipped_integration:gem_emerald_cobble, chisel_chipped_integration:gem_emerald_panel, chisel_chipped_integration:gem_emerald_tiles, chisel_chipped_integration:gem_emerald_smooth, chisel_chipped_integration:gem_emerald_masonry]
[15:03:37.197] [INFO]: [AutoHiding] Hiding 1/2 items for tag '#c:plates/iridium' -> [modern_industrialization:iridium_plate]
[15:03:37.197] [INFO]: [AutoHiding] Hiding 1/2 items for tag '#c:dusts/constantan' -> [immersiveengineering:dust_constantan]
[15:03:37.197] [INFO]: [AutoHiding] Hiding 5/9 items for tag '#c:ores/zinc' -> [create:deepslate_zinc_ore, railcraft:zinc_ore, alltheores:other_zinc_ore, railcraft:deepslate_zinc_ore, create:zinc_ore]
[15:03:37.197] [INFO]: [AutoHiding] Hiding 1/2 items for tag '#atm10:tiny_charcoals' -> [actuallyadditions:tiny_charcoal]
[15:03:37.197] [INFO]: [AutoHiding] Hiding 1/2 items for tag '#c:nuggets/constantan' -> [immersiveengineering:nugget_constantan]
[15:03:37.197] [INFO]: [AutoHiding] Hiding 3/4 items for tag '#c:dusts/tin' -> [mekanism:dust_tin, enderio:powdered_tin, modern_industrialization:tin_dust]
[15:03:37.197] [INFO]: [AutoHiding] Hiding 2/3 items for tag '#c:storage_blocks/raw_platinum' -> [oritech:raw_platinum_block, modern_industrialization:raw_platinum_block]
[15:03:37.197] [INFO]: [AutoHiding] Hiding 2/3 items for tag '#c:gears/tin' -> [railcraft:tin_gear, modern_industrialization:tin_gear]
[15:03:37.198] [INFO]: [AutoHiding] Hiding 6/7 items for tag '#c:nuggets/copper' -> [oritech:copper_nugget, immersiveengineering:nugget_copper, create:copper_nugget, xycraft_machines:copper_nugget, modern_industrialization:copper_nugget, pneumaticcraft:copper_nugget]
[15:03:37.198] [INFO]: [AutoHiding] Hiding 2/3 items for tag '#c:plates/tin' -> [railcraft:tin_plate, modern_industrialization:tin_plate]
[15:03:37.198] [INFO]: [AutoHiding] Hiding 3/4 items for tag '#c:nuggets/tin' -> [mekanism:nugget_tin, modern_industrialization:tin_nugget, railcraft:tin_nugget]
[15:03:37.198] [INFO]: [AutoHiding] Hiding 3/4 items for tag '#c:ingots/tin' -> [railcraft:tin_ingot, mekanism:ingot_tin, modern_industrialization:tin_ingot]
[15:03:37.198] [INFO]: [AutoHiding] Hiding 1/2 items for tag '#c:dirty_dusts/iron' -> [mekanism:dirty_dust_iron]
[15:03:37.198] [INFO]: [AutoHiding] Hiding 7/8 items for tag '#c:storage_blocks/gold' -> [chisel_chipped_integration:metal_gold_caution, chisel_chipped_integration:metal_gold_egregious, chisel_chipped_integration:metal_gold_scaffold, chisel_chipped_integration:metal_gold_bolted, chisel_chipped_integration:metal_gold_industrial_relic, chisel_chipped_integration:metal_gold_thermal, chisel_chipped_integration:metal_gold_shipping_crate]
[15:03:37.198] [INFO]: [AutoHiding] Hiding 2/3 items for tag '#c:nuggets/brass' -> [create:brass_nugget, railcraft:brass_nugget]
[15:03:37.199] [INFO]: [AutoHiding] Hiding 4/5 items for tag '#c:dusts/obsidian' -> [enderio:powdered_obsidian, railcraft:obsidian_dust, occultism:obsidian_dust, create:powdered_obsidian]
[15:03:37.199] [INFO]: [AutoHiding] Hiding 3/7 items for tag '#c:ores/sulfur' -> [alltheores:other_sulfur_ore, railcraft:deepslate_sulfur_ore, railcraft:sulfur_ore]
[15:03:37.199] [INFO]: [AutoHiding] Hiding 1/2 items for tag '#c:clumps/lead' -> [mekanism:clump_lead]
[15:03:37.199] [INFO]: [AutoHiding] Hiding 1/2 items for tag '#c:plates/platinum' -> [modern_industrialization:platinum_plate]
[15:03:37.200] [INFO]: [AutoHiding] Hiding 3/4 items for tag '#c:nuggets/bronze' -> [modern_industrialization:bronze_nugget, railcraft:bronze_nugget, mekanism:nugget_bronze]
[15:03:37.201] [INFO]: [AutoHiding] Hiding 3/4 items for tag '#c:dusts/lead' -> [immersiveengineering:dust_lead, mekanism:dust_lead, modern_industrialization:lead_dust]
[15:03:37.201] [INFO]: [AutoHiding] Hiding 2/3 items for tag '#c:ingots/invar' -> [railcraft:invar_ingot, modern_industrialization:invar_ingot]
[15:03:37.202] [INFO]: [AutoHiding] Hiding 4/8 items for tag '#c:ores/platinum' -> [oritech:deepslate_platinum_ore, modern_industrialization:platinum_ore, oritech:endstone_platinum_ore, alltheores:other_platinum_ore]
[15:03:37.203] [INFO]: [AutoHiding] Hiding 5/9 items for tag '#c:ores/peridot' -> [silentgems:end_peridot_ore, silentgems:peridot_ore, silentgems:deepslate_peridot_ore, alltheores:other_peridot_ore, silentgems:nether_peridot_ore]
[15:03:37.203] [INFO]: [AutoHiding] Hiding 1/2 items for tag '#c:dusts/osmium' -> [mekanism:dust_osmium]
[15:03:37.203] [INFO]: [AutoHiding] Hiding 5/6 items for tag '#c:plates/iron' -> [modern_industrialization:iron_plate, xycraft_machines:iron_sheet, railcraft:iron_plate, create:iron_sheet, immersiveengineering:plate_iron]
[15:03:37.205] [INFO]: [AutoHiding] Hiding 1/2 items for tag '#c:gears/lead' -> [railcraft:lead_gear]
[15:03:37.206] [INFO]: [AutoHiding] Hiding 1/2 items for tag '#c:dirty_dusts/uranium' -> [mekanism:dirty_dust_uranium]
[15:03:37.207] [INFO]: [AutoHiding] Hiding 1/2 items for tag '#c:dirty_dusts/copper' -> [mekanism:dirty_dust_copper]
[15:03:37.207] [INFO]: [AutoHiding] Hiding 1/2 items for tag '#c:crystals/uranium' -> [mekanism:crystal_uranium]
[15:03:37.207] [INFO]: [AutoHiding] Hiding 3/4 items for tag '#c:nuggets/electrum' -> [modern_industrialization:electrum_nugget, immersiveengineering:nugget_electrum, createaddition:electrum_nugget]
[15:03:37.207] [INFO]: [AutoHiding] Hiding 2/3 items for tag '#c:raw_materials/aluminum' -> [xycraft_world:raw_aluminum, immersiveengineering:raw_aluminum]
[15:03:37.207] [INFO]: [AutoHiding] Hiding 2/3 items for tag '#c:storage_blocks/zinc' -> [create:zinc_block, railcraft:zinc_block]
[15:03:37.207] [INFO]: [AutoHiding] Hiding 1/2 items for tag '#c:storage_blocks/sulfur' -> [modern_industrialization:sulfur_block]
[15:03:37.207] [INFO]: [AutoHiding] Hiding 2/3 items for tag '#c:plates/bronze' -> [railcraft:bronze_plate, modern_industrialization:bronze_plate]
[15:03:37.207] [INFO]: [AutoHiding] Hiding 5/9 items for tag '#c:ores/ruby' -> [silentgems:nether_ruby_ore, silentgems:end_ruby_ore, silentgems:ruby_ore, alltheores:other_ruby_ore, silentgems:deepslate_ruby_ore]
[15:03:37.207] [INFO]: [AutoHiding] Hiding 1/2 items for tag '#c:clumps/zinc' -> [create:crushed_raw_zinc]
[15:03:37.207] [INFO]: [AutoHiding] Hiding 4/5 items for tag '#c:storage_blocks/raw_uranium' -> [mekanism:block_raw_uranium, modern_industrialization:raw_uranium_block, immersiveengineering:raw_block_uranium, bigreactors:raw_yellorium_block]
[15:03:37.207] [INFO]: [AutoHiding] Hiding 1/2 items for tag '#c:plates/uranium' -> [immersiveengineering:plate_uranium]
[15:03:37.208] [INFO]: [AutoHiding] Hiding 9/13 items for tag '#c:ores/silver' -> [silentgems:deepslate_silver_ore, railcraft:deepslate_silver_ore, occultism:silver_ore, immersiveengineering:ore_silver, silentgems:silver_ore, railcraft:silver_ore, alltheores:other_silver_ore, immersiveengineering:deepslate_ore_silver, occultism:silver_ore_deepslate]
[15:03:37.208] [INFO]: [AutoHiding] Hiding 3/4 items for tag '#c:dusts/electrum' -> [immersiveengineering:dust_electrum, oritech:electrum_dust, modern_industrialization:electrum_dust]
[15:03:37.208] [INFO]: [AutoHiding] Hiding 1/2 items for tag '#c:plates/diamond' -> [modern_industrialization:diamond_plate]
[15:03:37.208] [INFO]: [AutoHiding] Hiding 3/4 items for tag '#c:plates/silver' -> [modern_industrialization:silver_plate, railcraft:silver_plate, immersiveengineering:plate_silver]
[15:03:37.208] [INFO]: [AutoHiding] Hiding 11/12 items for tag '#c:storage_blocks/electrum' -> [chisel_chipped_integration:metal_electrum_bolted, chisel_chipped_integration:metal_electrum_scaffold, chisel_chipped_integration:metal_electrum_caution, immersiveengineering:storage_electrum, chisel_chipped_integration:metal_electrum_industrial_relic, modern_industrialization:electrum_block, chisel_chipped_integration:metal_electrum_shipping_crate, createaddition:electrum_block, chisel_chipped_integration:metal_electrum_egregious, oritech:electrum_block, chisel_chipped_integration:metal_electrum_thermal]
[15:03:37.208] [INFO]: [AutoHiding] Hiding 4/5 items for tag '#c:dusts/coal' -> [railcraft:coal_dust, oritech:coal_dust, enderio:powdered_coal, modern_industrialization:coal_dust]
[15:03:37.208] [INFO]: [AutoHiding] Hiding 1/2 items for tag '#c:storage_blocks/constantan' -> [immersiveengineering:storage_constantan]
[15:03:37.208] [INFO]: [AutoHiding] Hiding 2/3 items for tag '#c:raw_materials/platinum' -> [oritech:raw_platinum, modern_industrialization:raw_platinum]
[15:03:37.208] [INFO]: [AutoHiding] Hiding 3/4 items for tag '#c:dusts/aluminum' -> [xycraft_machines:aluminum_dust, modern_industrialization:aluminum_dust, immersiveengineering:dust_aluminum]
[15:03:37.208] [INFO]: [AutoHiding] Hiding 1/2 items for tag '#c:storage_blocks/peridot' -> [silentgems:peridot_block]
[15:03:37.209] [INFO]: [AutoHiding] Hiding 4/5 items for tag '#c:ingots/lead' -> [immersiveengineering:ingot_lead, mekanism:ingot_lead, modern_industrialization:lead_ingot, railcraft:lead_ingot]
[15:03:37.209] [INFO]: [AutoHiding] Hiding 2/3 items for tag '#c:silicon' -> [oritech:silicon, enderio:silicon]
[15:03:37.209] [INFO]: [AutoHiding] Hiding 1/2 items for tag '#c:clumps/aluminum' -> [xycraft_machines:aluminum_clump]
[15:03:37.209] [INFO]: [AutoHiding] Hiding 1/2 items for tag '#c:storage_blocks/raw_zinc' -> [create:raw_zinc_block]
[15:03:37.209] [INFO]: [AutoHiding] Hiding 2/3 items for tag '#c:clumps/uranium' -> [create:crushed_raw_uranium, mekanism:clump_uranium]
[15:03:37.209] [INFO]: [AutoHiding] Hiding 1/2 items for tag '#c:crystals/tin' -> [mekanism:crystal_tin]
[15:03:37.209] [INFO]: [AutoHiding] Hiding 3/4 items for tag '#c:storage_blocks/raw_nickel' -> [oritech:raw_nickel_block, modern_industrialization:raw_nickel_block, immersiveengineering:raw_block_nickel]
[15:03:37.209] [INFO]: [AutoHiding] Hiding 1/2 items for tag '#c:rods/netherite' -> [immersiveengineering:stick_netherite]
[15:03:37.209] [INFO]: [AutoHiding] Hiding 1/2 items for tag '#c:gems/ruby' -> [silentgems:ruby]
[15:03:37.209] [INFO]: [AutoHiding] Hiding 2/3 items for tag '#c:storage_blocks/raw_tin' -> [modern_industrialization:raw_tin_block, mekanism:block_raw_tin]
[15:03:37.209] [INFO]: [AutoHiding] Hiding 6/7 items for tag '#c:dusts/copper' -> [enderio:powdered_copper, immersiveengineering:dust_copper, mekanism:dust_copper, modern_industrialization:copper_dust, occultism:copper_dust, oritech:copper_dust]
[15:03:37.210] [INFO]: [AutoHiding] Hiding 6/10 items for tag '#c:ores/aluminum' -> [xycraft_world:aluminum_ore_stone, xycraft_world:aluminum_ore_deepslate, alltheores:other_aluminum_ore, xycraft_world:aluminum_ore_kivi, immersiveengineering:deepslate_ore_aluminum, immersiveengineering:ore_aluminum]
[15:03:37.211] [INFO]: [AutoHiding] Hiding 7/8 items for tag '#c:storage_blocks/copper' -> [chisel_chipped_integration:metal_copper_bolted, chisel_chipped_integration:metal_copper_egregious, chisel_chipped_integration:metal_copper_shipping_crate, chisel_chipped_integration:metal_copper_thermal, chisel_chipped_integration:metal_copper_scaffold, chisel_chipped_integration:metal_copper_industrial_relic, chisel_chipped_integration:metal_copper_caution]
[15:03:37.211] [INFO]: [AutoHiding] Hiding 2/3 items for tag '#c:clumps/nickel' -> [create:crushed_raw_nickel, oritech:nickel_clump]
[15:03:37.212] [INFO]: [AutoHiding] Hiding 3/4 items for tag '#c:plates/nickel' -> [railcraft:nickel_plate, modern_industrialization:nickel_plate, immersiveengineering:plate_nickel]
[15:03:37.212] [INFO]: [AutoHiding] Hiding 1/2 items for tag '#c:nuggets/iridium' -> [modern_industrialization:iridium_nugget]
[15:03:37.212] [INFO]: [AutoHiding] Hiding 3/4 items for tag '#c:plates/lead' -> [modern_industrialization:lead_plate, immersiveengineering:plate_lead, railcraft:lead_plate]
[15:03:37.212] [INFO]: [AutoHiding] Hiding 1/2 items for tag '#c:shards/copper' -> [mekanism:shard_copper]
[15:03:37.212] [INFO]: [AutoHiding] Hiding 1/2 items for tag '#c:dirty_dusts/lead' -> [mekanism:dirty_dust_lead]
[15:03:37.212] [INFO]: [AutoHiding] Hiding 1/2 items for tag '#c:shards/tin' -> [mekanism:shard_tin]
[15:03:37.212] [INFO]: [AutoHiding] Hiding 1/2 items for tag '#c:dusts/ruby' -> [modern_industrialization:ruby_dust]
[15:03:37.212] [INFO]: [AutoHiding] Hiding 3/4 items for tag '#c:storage_blocks/raw_lead' -> [immersiveengineering:raw_block_lead, mekanism:block_raw_lead, modern_industrialization:raw_lead_block]
[15:03:37.212] [INFO]: [AutoHiding] Hiding 3/7 items for tag '#c:ores/iridium' -> [modern_industrialization:deepslate_iridium_ore, alltheores:other_iridium_ore, modern_industrialization:iridium_ore]
[15:03:37.212] [INFO]: [AutoHiding] Hiding 2/3 items for tag '#c:ingots/platinum' -> [oritech:platinum_ingot, modern_industrialization:platinum_ingot]
[15:03:37.212] [INFO]: [AutoHiding] Hiding 3/4 items for tag '#c:plates/electrum' -> [immersiveengineering:plate_electrum, createaddition:electrum_sheet, modern_industrialization:electrum_plate]
[15:03:37.213] [INFO]: [AutoHiding] Hiding 2/3 items for tag '#c:rods/aluminum' -> [modern_industrialization:aluminum_rod, immersiveengineering:stick_aluminum]
[15:03:37.213] [INFO]: [AutoHiding] Hiding 1/2 items for tag '#c:crystals/copper' -> [mekanism:crystal_copper]
[15:03:37.213] [INFO]: [AutoHiding] Hiding 3/4 items for tag '#c:clumps/iron' -> [mekanism:clump_iron, create:crushed_raw_iron, oritech:iron_clump]
[15:03:37.213] [INFO]: [AutoHiding] Hiding 4/5 items for tag '#c:dusts/uranium' -> [oritech:uranium_dust, immersiveengineering:dust_uranium, modern_industrialization:uranium_dust, mekanism:dust_uranium]
[15:03:37.213] [INFO]: [AutoHiding] Hiding 1/2 items for tag '#c:rods/uranium' -> [modern_industrialization:uranium_rod]
[15:03:37.213] [INFO]: [AutoHiding] Hiding 1/2 items for tag '#c:rods/tin' -> [modern_industrialization:tin_rod]
[15:03:37.213] [INFO]: [AutoHiding] Hiding 7/8 items for tag '#c:storage_blocks/iron' -> [chisel_chipped_integration:metal_iron_caution, chisel_chipped_integration:metal_iron_bolted, chisel_chipped_integration:metal_iron_thermal, chisel_chipped_integration:metal_iron_egregious, chisel_chipped_integration:metal_iron_shipping_crate, chisel_chipped_integration:metal_iron_scaffold, chisel_chipped_integration:metal_iron_industrial_relic]
[15:03:37.213] [INFO]: [AutoHiding] Hiding 2/3 items for tag '#c:storage_blocks/raw_aluminum' -> [immersiveengineering:raw_block_aluminum, xycraft_world:raw_aluminum_block]
[15:03:37.213] [INFO]: [AutoHiding] Hiding 2/3 items for tag '#c:plates/zinc' -> [createaddition:zinc_sheet, railcraft:zinc_plate]
[15:03:37.213] [INFO]: [AutoHiding] Hiding 2/3 items for tag '#c:clumps/osmium' -> [mekanism:clump_osmium, create:crushed_raw_osmium]
[15:03:37.213] [INFO]: [AutoHiding] Hiding 1/2 items for tag '#c:plates/constantan' -> [immersiveengineering:plate_constantan]
[15:03:37.214] [INFO]: [AutoHiding] Hiding 2/3 items for tag '#c:dusts/platinum' -> [modern_industrialization:platinum_dust, oritech:platinum_dust]
[15:03:39.381] [INFO]: Loading config 'duplicates.json'.
[15:03:39.385] [INFO]: Recipe count: 52415
[15:03:39.648] [INFO]: 48027 out of 52415 recipes were loaded for unification.
[15:03:40.822] [INFO]: Recipe count afterwards: 51641 (done in 1.437 s)
