[17:13:33] [Server thread/INFO]: Starting minecraft server version 1.7.10
[17:14:16] [Server thread/INFO]: Loading properties
[17:14:16] [Server thread/INFO]: Default game type: SURVIVAL
[17:14:16] [Server thread/INFO]: Generating keypair
[17:14:16] [Server thread/INFO]: Starting Minecraft server on *:25565
[17:14:16] [Server thread/WARN]: **** SERVER IS RUNNING IN OFFLINE/INSECURE MODE!
[17:14:16] [Server thread/WARN]: The server will make no attempt to authenticate usernames. Beware.
[17:14:16] [Server thread/WARN]: While this makes the game possible to play without internet access, it also opens up the ability for hackers to connect with any username they choose.
[17:14:16] [Server thread/WARN]: To change this, set "online-mode" to "true" in the server.properties file.
[17:15:04] [Server thread/INFO]: Preparing level "World"
[17:15:06] [Server thread/INFO]: Preparing start region for level 0
[17:15:07] [Server thread/INFO]: Preparing spawn area: 33%
[17:15:07] [Server thread/INFO]: Done (3.520s)! For help, type "help" or "?"
[17:15:14] [Server thread/INFO]: Reloaded default quest database
[17:19:45] [Server thread/INFO]: _Sammon_[/127.0.0.1:40006] logged in with entity id 1340 at (29.682347601396344, 65.94199995994562, 347.50983112005366)
[17:19:45] [Server thread/INFO]: _Sammon_ joined the game
[17:25:38] [Server thread/INFO]: _Sammon_ lost connection: TextComponent{text='Disconnected', siblings=[], style=Style{hasParent=false, color=null, bold=null, italic=null, underlined=null, obfuscated=null, clickEvent=null, hoverEvent=null}}
[17:25:38] [Server thread/INFO]: _Sammon_ left the game
[17:25:43] [Server thread/INFO]: _Sammon_[/127.0.0.1:46494] logged in with entity id 6839 at (29.60374429659748, 65.94199995994562, 347.43761345956324)
[17:25:43] [Server thread/INFO]: _Sammon_ joined the game
[17:31:05] [Server thread/INFO]: _Sammon_ lost connection: TextComponent{text='Disconnected', siblings=[], style=Style{hasParent=false, color=null, bold=null, italic=null, underlined=null, obfuscated=null, clickEvent=null, hoverEvent=null}}
[17:31:05] [Server thread/INFO]: _Sammon_ left the game
